info it worked if it ends with ok
verbose cli [ 'node', '/usr/local/bin/npm', 'link', '-g' ]
info using npm@1.0.8
info using node@v0.4.9
verbose config file /home/mape/.npmrc
verbose config file /usr/local/etc/npmrc
ERR! Error: link should never be --global.
ERR! Please re-run this command with --local
ERR!     at Object.link (/usr/local/lib/node_modules/npm/lib/link.js:33:15)
ERR!     at /usr/local/lib/node_modules/npm/bin/npm.js:56:27
ERR!     at Array.0 (/usr/local/lib/node_modules/npm/npm.js:178:38)
ERR!     at EventEmitter._tickCallback (node.js:126:26)
ERR! Report this *entire* log at:
ERR!     <http://github.com/isaacs/npm/issues>
ERR! or email it to:
ERR!     <npm-@googlegroups.com>
ERR! 
ERR! System Linux 2.6.26-2-amd64
ERR! command "node" "/usr/local/bin/npm" "link" "-g"
verbose exit [ 1, true ]
